<?xml version="1.0" encoding="UTF-8"?>
<!-- Generated by org.testng.reporters.JUnitReportReporter -->
<testsuite hostname="Poornima-PC" failures="0" tests="1" name="jankinspro.Test1" time="0.006" errors="0" timestamp="2022-09-01T13:40:13 IST" skipped="0">
  <testcase classname="jankinspro.Test1" name="t1" time="0.006"/>
  <system-out>
    <![CDATA[hello JAVA]]>
  </system-out>
</testsuite> <!-- jankinspro.Test1 -->
