<?xml version="1.0" encoding="UTF-8"?>
<!-- Generated by org.testng.reporters.JUnitReportReporter -->
<testsuite hostname="Poornima-PC" failures="0" tests="1" name="jankinspro.Test3" time="0.004" errors="0" timestamp="2022-09-01T13:40:13 IST" skipped="0">
  <testcase classname="jankinspro.Test3" name="t3" time="0.004"/>
  <system-out>
    <![CDATA[hello APPIUM]]>
  </system-out>
</testsuite> <!-- jankinspro.Test3 -->
