<?xml version="1.0" encoding="UTF-8"?>
<!-- Generated by org.testng.reporters.JUnitReportReporter -->
<testsuite hostname="Poornima-PC" failures="0" tests="1" name="jankinspro.Test4" time="0.005" errors="0" timestamp="2022-09-01T13:40:13 IST" skipped="0">
  <testcase classname="jankinspro.Test4" name="t4" time="0.005"/>
  <system-out>
    <![CDATA[hello API]]>
  </system-out>
</testsuite> <!-- jankinspro.Test4 -->
