<?xml version="1.0" encoding="UTF-8"?>
<!-- Generated by org.testng.reporters.JUnitReportReporter -->
<testsuite hostname="Poornima-PC" failures="0" tests="1" name="jankinspro.test2" time="0.034" errors="0" timestamp="2022-09-01T13:40:13 IST" skipped="0">
  <testcase classname="jankinspro.test2" name="t2" time="0.034"/>
  <system-out>
    <![CDATA[hello Selenium]]>
  </system-out>
</testsuite> <!-- jankinspro.test2 -->
